# Show App Files
## PropertyReader
package micronaut.env.demo;

import io.micronaut.context.annotation.Value;
import io.micronaut.context.event.StartupEvent;
import io.micronaut.runtime.event.annotation.EventListener;
import javax.inject.Singleton;

@Singleton
public class PropertyReader {
    @Value("${envdemo.greeting}")
    private String propertyFromOsEnv;

    @EventListener
    public void greetOnStartUp(StartupEvent event){
        String message = String.format("Micronaut says: %s from %s", propertyFromOsEnv, System.getProperty("os.name"));
        System.out.println(message);
        System.exit(0);
    }
}
---
## application.yml
micronaut:
  application:
    name: micronaut-env-demo
envdemo:
  greeting: ${MICRONAUT_ENVDEMO_GREETING}
---
# Run app
+ export MICRONAUT_ENVDEMO_GREETING=Hi
+ MICRONAUT_ENVDEMO_GREETING=Hi
+ ./gradlew run
> Task :compileJava UP-TO-DATE
> Task :processResources UP-TO-DATE
> Task :classes UP-TO-DATE

> Task :run
Micronaut says: Hi from Linux

Deprecated Gradle features were used in this build, making it incompatible with Gradle 7.0.
Use '--warning-mode all' to show the individual deprecation warnings.
See https://docs.gradle.org/6.1/userguide/command_line_interface.html#sec:command_line_warnings

BUILD SUCCESSFUL in 1s
3 actionable tasks: 1 executed, 2 up-to-date
